<?xml version="1.0" encoding="UTF-8"?>
<testng-results skipped="0" failed="1" total="4" passed="3">
  <reporter-output>
  </reporter-output>
  <suite name="Suite" duration-ms="18297" started-at="2017-02-07T02:19:14Z" finished-at="2017-02-07T02:19:32Z">
    <groups>
    </groups>
    <test name="Test demo" duration-ms="18297" started-at="2017-02-07T02:19:14Z" finished-at="2017-02-07T02:19:32Z">
      <class name="demo.SecondRun">
        <test-method status="PASS" signature="testClassSetUp()[pri:0, instance:[SecondRun passed=0 failed=0 skipped=0]]" name="testClassSetUp" is-config="true" duration-ms="1414" started-at="2017-02-07T09:19:14Z" finished-at="2017-02-07T09:19:15Z">
          <reporter-output>
          </reporter-output>
        </test-method> <!-- testClassSetUp -->
        <test-method status="PASS" signature="testCaseSetUp(java.lang.reflect.Method)[pri:0, instance:[SecondRun passed=0 failed=0 skipped=0]]" name="testCaseSetUp" is-config="true" duration-ms="5736" started-at="2017-02-07T09:19:15Z" finished-at="2017-02-07T09:19:21Z">
          <params>
            <param index="0">
              <value>
                <![CDATA[public void demo.SecondRun.test03_Method()]]>
              </value>
            </param>
          </params>
          <reporter-output>
          </reporter-output>
        </test-method> <!-- testCaseSetUp -->
        <test-method status="PASS" signature="test03_Method()[pri:0, instance:[SecondRun passed=0 failed=0 skipped=0]]" name="test03_Method" duration-ms="1633" started-at="2017-02-07T09:19:21Z" finished-at="2017-02-07T09:19:23Z">
          <reporter-output>
          </reporter-output>
        </test-method> <!-- test03_Method -->
        <test-method status="PASS" signature="testCaseTearDown(org.testng.ITestResult)[pri:0, instance:[SecondRun passed=0 failed=0 skipped=0]]" name="testCaseTearDown" is-config="true" duration-ms="2729" started-at="2017-02-07T09:19:23Z" finished-at="2017-02-07T09:19:25Z">
          <params>
            <param index="0">
              <value>
                <![CDATA[[TestResult name=test03_Method on [SecondRun passed=0 failed=0 skipped=0] status=SUCCESS method=SecondRun.test03_Method()[pri:0, instance:[SecondRun passed=0 failed=0 skipped=0]] output={null}]]]>
              </value>
            </param>
          </params>
          <reporter-output>
          </reporter-output>
        </test-method> <!-- testCaseTearDown -->
        <test-method status="PASS" signature="testCaseSetUp(java.lang.reflect.Method)[pri:0, instance:[SecondRun passed=0 failed=0 skipped=0]]" name="testCaseSetUp" is-config="true" duration-ms="3797" started-at="2017-02-07T09:19:25Z" finished-at="2017-02-07T09:19:29Z">
          <params>
            <param index="0">
              <value>
                <![CDATA[public void demo.SecondRun.test04_Method()]]>
              </value>
            </param>
          </params>
          <reporter-output>
          </reporter-output>
        </test-method> <!-- testCaseSetUp -->
        <test-method status="PASS" signature="test04_Method()[pri:0, instance:[SecondRun passed=0 failed=0 skipped=0]]" name="test04_Method" duration-ms="1014" started-at="2017-02-07T09:19:29Z" finished-at="2017-02-07T09:19:30Z">
          <reporter-output>
          </reporter-output>
        </test-method> <!-- test04_Method -->
        <test-method status="PASS" signature="testCaseTearDown(org.testng.ITestResult)[pri:0, instance:[SecondRun passed=0 failed=0 skipped=0]]" name="testCaseTearDown" is-config="true" duration-ms="142" started-at="2017-02-07T09:19:30Z" finished-at="2017-02-07T09:19:30Z">
          <params>
            <param index="0">
              <value>
                <![CDATA[[TestResult name=test04_Method on [SecondRun passed=0 failed=0 skipped=0] status=SUCCESS method=SecondRun.test04_Method()[pri:0, instance:[SecondRun passed=0 failed=0 skipped=0]] output={null}]]]>
              </value>
            </param>
          </params>
          <reporter-output>
          </reporter-output>
        </test-method> <!-- testCaseTearDown -->
        <test-method status="PASS" signature="testClassTearDown()[pri:0, instance:[SecondRun passed=0 failed=0 skipped=0]]" name="testClassTearDown" is-config="true" duration-ms="61" started-at="2017-02-07T09:19:30Z" finished-at="2017-02-07T09:19:30Z">
          <reporter-output>
          </reporter-output>
        </test-method> <!-- testClassTearDown -->
      </class> <!-- demo.SecondRun -->
      <class name="demo.FirstRun">
        <test-method status="PASS" signature="testClassSetUp()[pri:0, instance:[FirstRun passed=0 failed=0 skipped=0]]" name="testClassSetUp" is-config="true" duration-ms="1414" started-at="2017-02-07T09:19:14Z" finished-at="2017-02-07T09:19:15Z">
          <reporter-output>
          </reporter-output>
        </test-method> <!-- testClassSetUp -->
        <test-method status="PASS" signature="testCaseSetUp(java.lang.reflect.Method)[pri:0, instance:[FirstRun passed=0 failed=0 skipped=0]]" name="testCaseSetUp" is-config="true" duration-ms="5740" started-at="2017-02-07T09:19:15Z" finished-at="2017-02-07T09:19:21Z">
          <params>
            <param index="0">
              <value>
                <![CDATA[public void demo.FirstRun.test01_Method()]]>
              </value>
            </param>
          </params>
          <reporter-output>
          </reporter-output>
        </test-method> <!-- testCaseSetUp -->
        <test-method status="PASS" signature="test01_Method()[pri:0, instance:[FirstRun passed=0 failed=0 skipped=0]]" name="test01_Method" duration-ms="1631" started-at="2017-02-07T09:19:21Z" finished-at="2017-02-07T09:19:23Z">
          <reporter-output>
          </reporter-output>
        </test-method> <!-- test01_Method -->
        <test-method status="PASS" signature="testCaseTearDown(org.testng.ITestResult)[pri:0, instance:[FirstRun passed=0 failed=0 skipped=0]]" name="testCaseTearDown" is-config="true" duration-ms="2730" started-at="2017-02-07T09:19:23Z" finished-at="2017-02-07T09:19:25Z">
          <params>
            <param index="0">
              <value>
                <![CDATA[[TestResult name=test01_Method on [FirstRun passed=0 failed=0 skipped=0] status=SUCCESS method=FirstRun.test01_Method()[pri:0, instance:[FirstRun passed=0 failed=0 skipped=0]] output={null}]]]>
              </value>
            </param>
          </params>
          <reporter-output>
          </reporter-output>
        </test-method> <!-- testCaseTearDown -->
        <test-method status="PASS" signature="testCaseSetUp(java.lang.reflect.Method)[pri:0, instance:[FirstRun passed=0 failed=0 skipped=0]]" name="testCaseSetUp" is-config="true" duration-ms="3548" started-at="2017-02-07T09:19:25Z" finished-at="2017-02-07T09:19:29Z">
          <params>
            <param index="0">
              <value>
                <![CDATA[public void demo.FirstRun.test02_Method()]]>
              </value>
            </param>
          </params>
          <reporter-output>
          </reporter-output>
        </test-method> <!-- testCaseSetUp -->
        <test-method status="FAIL" signature="test02_Method()[pri:0, instance:[FirstRun passed=0 failed=0 skipped=0]]" name="test02_Method" duration-ms="2459" started-at="2017-02-07T09:19:29Z" finished-at="2017-02-07T09:19:31Z">
          <exception class="java.lang.AssertionError">
            <full-stacktrace>
              <![CDATA[java.lang.AssertionError: 
	at org.testng.AssertJUnit.fail(AssertJUnit.java:59)
	at org.testng.AssertJUnit.assertTrue(AssertJUnit.java:24)
	at org.testng.AssertJUnit.assertTrue(AssertJUnit.java:33)
	at demo.FirstRun.test02_Method(FirstRun.java:29)
	at sun.reflect.NativeMethodAccessorImpl.invoke0(Native Method)
	at sun.reflect.NativeMethodAccessorImpl.invoke(NativeMethodAccessorImpl.java:62)
	at sun.reflect.DelegatingMethodAccessorImpl.invoke(DelegatingMethodAccessorImpl.java:43)
	at java.lang.reflect.Method.invoke(Method.java:498)
	at org.testng.internal.MethodInvocationHelper.invokeMethod(MethodInvocationHelper.java:86)
	at org.testng.internal.Invoker.invokeMethod(Invoker.java:643)
	at org.testng.internal.Invoker.invokeTestMethod(Invoker.java:820)
	at org.testng.internal.Invoker.invokeTestMethods(Invoker.java:1128)
	at org.testng.internal.TestMethodWorker.invokeTestMethods(TestMethodWorker.java:129)
	at org.testng.internal.TestMethodWorker.run(TestMethodWorker.java:112)
	at java.util.concurrent.ThreadPoolExecutor.runWorker(ThreadPoolExecutor.java:1142)
	at java.util.concurrent.ThreadPoolExecutor$Worker.run(ThreadPoolExecutor.java:617)
	at java.lang.Thread.run(Thread.java:745)
]]>
            </full-stacktrace>
          </exception> <!-- java.lang.AssertionError -->
          <reporter-output>
          </reporter-output>
        </test-method> <!-- test02_Method -->
        <test-method status="PASS" signature="testCaseTearDown(org.testng.ITestResult)[pri:0, instance:[FirstRun passed=0 failed=0 skipped=0]]" name="testCaseTearDown" is-config="true" duration-ms="627" started-at="2017-02-07T09:19:31Z" finished-at="2017-02-07T09:19:32Z">
          <params>
            <param index="0">
              <value>
                <![CDATA[[TestResult name=test02_Method on [FirstRun passed=0 failed=0 skipped=0] status=FAILURE method=FirstRun.test02_Method()[pri:0, instance:[FirstRun passed=0 failed=0 skipped=0]] output={null}]]]>
              </value>
            </param>
          </params>
          <reporter-output>
          </reporter-output>
        </test-method> <!-- testCaseTearDown -->
        <test-method status="PASS" signature="testClassTearDown()[pri:0, instance:[FirstRun passed=0 failed=0 skipped=0]]" name="testClassTearDown" is-config="true" duration-ms="41" started-at="2017-02-07T09:19:32Z" finished-at="2017-02-07T09:19:32Z">
          <reporter-output>
          </reporter-output>
        </test-method> <!-- testClassTearDown -->
      </class> <!-- demo.FirstRun -->
    </test> <!-- Test demo -->
  </suite> <!-- Suite -->
</testng-results>
